e:\visualstudio2013project\pointcloudui2.0\pointcloudui2.0\x64\release\pca.obj
e:\visualstudio2013project\pointcloudui2.0\pointcloudui2.0\x64\release\mainwindow.obj
e:\visualstudio2013project\pointcloudui2.0\pointcloudui2.0\x64\release\main.obj
e:\visualstudio2013project\pointcloudui2.0\pointcloudui2.0\x64\release\segmentation.obj
e:\visualstudio2013project\pointcloudui2.0\pointcloudui2.0\x64\release\pointlzf.obj
e:\visualstudio2013project\pointcloudui2.0\pointcloudui2.0\x64\release\pointio.obj
e:\visualstudio2013project\pointcloudui2.0\pointcloudui2.0\x64\release\planelzf.obj
e:\visualstudio2013project\pointcloudui2.0\pointcloudui2.0\x64\release\planefitting.obj
e:\visualstudio2013project\pointcloudui2.0\pointcloudui2.0\x64\release\model.obj
e:\visualstudio2013project\pointcloudui2.0\pointcloudui2.0\x64\release\matrix.obj
e:\visualstudio2013project\pointcloudui2.0\pointcloudui2.0\x64\release\kdtreelzf.obj
e:\visualstudio2013project\pointcloudui2.0\pointcloudui2.0\x64\release\liblas180.obj
e:\visualstudio2013project\pointcloudui2.0\pointcloudui2.0\x64\release\kdtree.obj
e:\visualstudio2013project\pointcloudui2.0\pointcloudui2.0\x64\release\3dkdtree.obj
e:\visualstudio2013project\pointcloudui2.0\pointcloudui2.0\x64\release\moc_mainwindow.obj
e:\visualstudio2013project\pointcloudui2.0\pointcloudui2.0\x64\release\moc_cloudthread.obj
e:\visualstudio2013project\pointcloudui2.0\pointcloudui2.0\x64\release\eigenmatrix.obj
e:\visualstudio2013project\pointcloudui2.0\pointcloudui2.0\x64\release\contour.obj
e:\visualstudio2013project\pointcloudui2.0\pointcloudui2.0\x64\release\clusterextract.obj
e:\visualstudio2013project\pointcloudui2.0\pointcloudui2.0\x64\release\cloudmanage.obj
e:\visualstudio2013project\pointcloudui2.0\pointcloudui2.0\x64\release\voxel.obj
e:\visualstudio2013project\pointcloudui2.0\pointcloudui2.0\x64\release\transformate.obj
e:\visualstudio2013project\pointcloudui2.0\pointcloudui2.0\x64\release\octree_viewer.obj
e:\visualstudio2013project\pointcloudui2.0\pointcloudui2.0\x64\release\cloudthread.obj
e:\visualstudio2013project\pointcloudui2.0\pointcloudui2.0\x64\release\surfacegrowing.obj
e:\visualstudio2013project\pointcloudui2.0\pointcloudui2.0\x64\release\label.obj
e:\visualstudio2013project\pointcloudui2.0\pointcloudui2.0\x64\release\ransacplane.obj
e:\visualstudio2013project\pointcloudui2.0\pointcloudui2.0\x64\release\simple.obj
e:\visualstudio2013project\pointcloudui2.0\pointcloudui2.0\x64\release\point.obj
e:\visualstudio2013project\pointcloudui2.0\pointcloudui2.0\x64\release\plane.obj
e:\visualstudio2013project\pointcloudui2.0\pointcloudui2.0\x64\release\pclfilter.obj
e:\visualstudio2013project\pointcloudui2.0\pointcloudui2.0\x64\release\clusters.obj
e:\visualstudio2013project\pointcloudui2.0\pointcloudui2.0\x64\release\algorithm.obj
e:\visualstudio2013project\pointcloudui2.0\pointcloudui2.0\x64\release\polesextract.obj
e:\visualstudio2013project\pointcloudui2.0\pointcloudui2.0\x64\release\main_poles.obj
e:\visualstudio2013project\pointcloudui2.0\pointcloudui2.0\x64\release\main_filter.obj
e:\visualstudio2013project\pointcloudui2.0\pointcloudui2.0\x64\release\groundfilter.obj
e:\visualstudio2013project\pointcloudui2.0\pointcloudui2.0\x64\release\line.obj
e:\visualstudio2013project\pointcloudui2.0\pointcloudui2.0\x64\release\main_shoulderroad.obj
e:\visualstudio2013project\pointcloudui2.0\pointcloudui2.0\x64\release\roadshoulder.obj
e:\visualstudio2013project\pointcloudui2.0\pointcloudui2.0\x64\release\main_extactbuilding.obj
e:\visualstudio2013project\pointcloudui2.0\pointcloudui2.0\x64\release\buildfootprint.obj
e:\visualstudio2013project\pointcloudui2.0\pointcloudui2.0\x64\release\dl_writer_ascii.obj
e:\visualstudio2013project\pointcloudui2.0\pointcloudui2.0\x64\release\dl_dxf.obj
e:\visualstudio2013project\pointcloudui2.0\pointcloudui2.0\x64\release\cass.obj
e:\visualstudio2013project\pointcloudui2.0\pointcloudui2.0\x64\release\test_creationclass.obj
e:\visualstudio2013project\pointcloudui2.0\pointcloudui2.0\x64\release\main_cass.obj
e:\visualstudio2013project\pointcloudui2.0\pointcloudui2.0\x64\release\loadbmp.obj
e:\visualstudio2013project\pointcloudui2.0\pointcloudui2.0\x64\release\preprocess.obj
e:\visualstudio2013project\pointcloudui2.0\pointcloudui2.0\x64\release\segline.obj
e:\visualstudio2013project\pointcloudui2.0\pointcloudui2.0\x64\release\plane_2.obj
e:\visualstudio2013project\pointcloudui2.0\pointcloudui2.0\x64\release\main_extractfootprint.obj
e:\visualstudio2013project\pointcloudui2.0\pointcloudui2.0\x64\release\surfacegrowing_2.obj
e:\visualstudio2013project\pointcloudui2.0\pointcloudui2.0\x64\release\main_extractbuildingprint.obj
e:\visualstudio2013project\pointcloudui2.0\pointcloudui2.0\x64\release\extractbuildingfootpoints.obj
e:\visualstudio2013project\pointcloudui2.0\pointcloudui2.0\x64\release\vc120.pdb
e:\visualstudio2013project\pointcloudui2.0\pointcloudui2.0\x64\release\qrc_images.obj
e:\visualstudio2013project\pointcloudui2.0\pointcloudui2.0\generatedfiles\ui_colordialog.h
e:\visualstudio2013project\pointcloudui2.0\pointcloudui2.0\generatedfiles\ui_contourdialog.h
e:\visualstudio2013project\pointcloudui2.0\pointcloudui2.0\generatedfiles\ui_leafsizedialog.h
e:\visualstudio2013project\pointcloudui2.0\pointcloudui2.0\generatedfiles\ui_openasciidialog.h
e:\visualstudio2013project\pointcloudui2.0\pointcloudui2.0\generatedfiles\ui_passthroughfilterdialog.h
e:\visualstudio2013project\pointcloudui2.0\pointcloudui2.0\generatedfiles\ui_pcadialog.h
e:\visualstudio2013project\pointcloudui2.0\pointcloudui2.0\generatedfiles\ui_pointsizedialog.h
e:\visualstudio2013project\pointcloudui2.0\pointcloudui2.0\generatedfiles\ui_radiusfilterdialog.h
e:\visualstudio2013project\pointcloudui2.0\pointcloudui2.0\generatedfiles\ui_ransacdialog.h
e:\visualstudio2013project\pointcloudui2.0\pointcloudui2.0\generatedfiles\ui_saveasciidialog.h
e:\visualstudio2013project\pointcloudui2.0\pointcloudui2.0\generatedfiles\ui_simpledialog.h
e:\visualstudio2013project\pointcloudui2.0\pointcloudui2.0\generatedfiles\ui_statisticalfilterdialog.h
e:\visualstudio2013project\pointcloudui2.0\pointcloudui2.0\generatedfiles\ui_surfacegrowingdialog.h
e:\visualstudio2013project\pointcloudui2.0\pointcloudui2.0\generatedfiles\ui_euclideanclusterdialog.h
e:\visualstudio2013project\pointcloudui2.0\pointcloudui2.0\generatedfiles\qrc_images.cpp
e:\visualstudio2013project\pointcloudui2.0\pointcloudui2.0\generatedfiles\ui_regiongrowdialog.h
e:\visualstudio2013project\pointcloudui2.0\pointcloudui2.0\generatedfiles\ui_radiussearchdialog.h
e:\visualstudio2013project\pointcloudui2.0\pointcloudui2.0\generatedfiles\ui_polesextract.h
e:\visualstudio2013project\pointcloudui2.0\pointcloudui2.0\generatedfiles\ui_polesstatisticclassifydialog.h
e:\visualstudio2013project\pointcloudui2.0\pointcloudui2.0\generatedfiles\ui_extractshoulder.h
e:\visualstudio2013project\pointcloudui2.0\pointcloudui2.0\generatedfiles\ui_afterprocess2.h
e:\visualstudio2013project\pointcloudui2.0\pointcloudui2.0\generatedfiles\release\moc_cloudthread.cpp
e:\visualstudio2013project\pointcloudui2.0\pointcloudui2.0\generatedfiles\ui_extractbuild.h
e:\visualstudio2013project\pointcloudui2.0\pointcloudui2.0\generatedfiles\ui_mainwindow.h
e:\visualstudio2013project\pointcloudui2.0\pointcloudui2.0\generatedfiles\ui_choiceout.h
e:\visualstudio2013project\pointcloudui2.0\pointcloudui2.0\generatedfiles\ui_formatetransform.h
e:\visualstudio2013project\pointcloudui2.0\pointcloudui2.0\generatedfiles\release\moc_mainwindow.cpp
e:\visualstudio2013project\pointcloudui2.0\x64\release\pointcloudui2.0.exe
e:\visualstudio2013project\pointcloudui2.0\pointcloudui2.0\x64\release\pointcloudui2.0.tlog\cl.command.1.tlog
e:\visualstudio2013project\pointcloudui2.0\pointcloudui2.0\x64\release\pointcloudui2.0.tlog\cl.read.1.tlog
e:\visualstudio2013project\pointcloudui2.0\pointcloudui2.0\x64\release\pointcloudui2.0.tlog\cl.write.1.tlog
e:\visualstudio2013project\pointcloudui2.0\pointcloudui2.0\x64\release\pointcloudui2.0.tlog\custombuild.command.1.tlog
e:\visualstudio2013project\pointcloudui2.0\pointcloudui2.0\x64\release\pointcloudui2.0.tlog\custombuild.read.1.tlog
e:\visualstudio2013project\pointcloudui2.0\pointcloudui2.0\x64\release\pointcloudui2.0.tlog\custombuild.write.1.tlog
e:\visualstudio2013project\pointcloudui2.0\pointcloudui2.0\x64\release\pointcloudui2.0.tlog\link-cvtres.read.1.tlog
e:\visualstudio2013project\pointcloudui2.0\pointcloudui2.0\x64\release\pointcloudui2.0.tlog\link-cvtres.write.1.tlog
e:\visualstudio2013project\pointcloudui2.0\pointcloudui2.0\x64\release\pointcloudui2.0.tlog\link-rc.read.1.tlog
e:\visualstudio2013project\pointcloudui2.0\pointcloudui2.0\x64\release\pointcloudui2.0.tlog\link-rc.write.1.tlog
e:\visualstudio2013project\pointcloudui2.0\pointcloudui2.0\x64\release\pointcloudui2.0.tlog\link.command.1.tlog
e:\visualstudio2013project\pointcloudui2.0\pointcloudui2.0\x64\release\pointcloudui2.0.tlog\link.read.1.tlog
e:\visualstudio2013project\pointcloudui2.0\pointcloudui2.0\x64\release\pointcloudui2.0.tlog\link.write.1.tlog
