  Moc'ing cloudthread.h...
  Moc'ing mainwindow.h...
  Uic'ing colordialog.ui...
  Uic'ing contourdialog.ui...
  Uic'ing leafsizedialog.ui...
  Uic'ing mainwindow.ui...
  Uic'ing openasciidialog.ui...
  Uic'ing passthroughfilterdialog.ui...
  Uic'ing pcadialog.ui...
  Uic'ing pointsizedialog.ui...
  Uic'ing radiusfilterdialog.ui...
  Uic'ing ransacdialog.ui...
  Uic'ing saveasciidialog.ui...
E:\VisualStudio2013Project\PointCloudUI2.0\PointCloudUI2.0\saveasciidialog.ui : warning : The name 'layoutWidget' (QWidget) is already in use, defaulting to 'layoutWidget1'.
  Uic'ing simpledialog.ui...
  Uic'ing statisticalfilterdialog.ui...
  Uic'ing surfacegrowingdialog.ui...
  Rcc'ing images.qrc...
E:\VisualStudio2013Project\PointCloudUI2.0\PointCloudUI2.0\images.qrc : warning : potential duplicate alias detected: 'save.png'
E:\VisualStudio2013Project\PointCloudUI2.0\PointCloudUI2.0\images.qrc : warning : potential duplicate alias detected: 'open.png'
  Uic'ing euclideanclusterdialog.ui...
  Uic'ing formatetransform.ui...
  Uic'ing regiongrowdialog.ui...
  Uic'ing radiussearchdialog.ui...
  Uic'ing polesextract.ui...
  Uic'ing polesstatisticclassifydialog.ui...
  Uic'ing afterprocess2.ui...
  Uic'ing extractshoulder.ui...
  Uic'ing extractbuild.ui...
  Uic'ing choiceout.ui...
  Uic'ing translatexyzdialog.ui...
C:\Program Files (x86)\MSBuild\Microsoft.Cpp\v4.0\V120\Microsoft.CppBuild.targets(935,5): warning MSB8027: Two or more files with the name of moc_cloudthread.cpp will produce outputs to the same location. This can lead to an incorrect build result.  The files involved are GeneratedFiles\Debug\moc_cloudthread.cpp, GeneratedFiles\Release\moc_cloudthread.cpp.
C:\Program Files (x86)\MSBuild\Microsoft.Cpp\v4.0\V120\Microsoft.CppBuild.targets(935,5): warning MSB8027: Two or more files with the name of moc_mainwindow.cpp will produce outputs to the same location. This can lead to an incorrect build result.  The files involved are GeneratedFiles\Debug\moc_mainwindow.cpp, GeneratedFiles\Release\moc_mainwindow.cpp.
C:\Program Files (x86)\MSBuild\Microsoft.Cpp\v4.0\V120\Microsoft.CppBuild.targets(935,5): warning MSB8027: Two or more files with the name of label.cpp will produce outputs to the same location. This can lead to an incorrect build result.  The files involved are groundFilter\label.cpp, PolesExtract\label.cpp, roadshoulder\label.cpp, SurfaceGrowing\label.cpp.
C:\Program Files (x86)\MSBuild\Microsoft.Cpp\v4.0\V120\Microsoft.CppBuild.targets(935,5): warning MSB8027: Two or more files with the name of voxel.cpp will produce outputs to the same location. This can lead to an incorrect build result.  The files involved are PolesExtract\voxel.cpp, Voxel\voxel.cpp.
  cass.cpp
e:\visualstudio2013project\pointcloudui2.0\pointcloudui2.0\cass\../PointClass/point.h(10): fatal error C1083: 无法打开包括文件: “pcl/point_cloud.h”: No such file or directory
  dl_dxf.cpp
e:\visualstudio2013project\pointcloudui2.0\pointcloudui2.0\cass\../PointClass/point.h(10): fatal error C1083: 无法打开包括文件: “pcl/point_cloud.h”: No such file or directory
  dl_writer_ascii.cpp
e:\visualstudio2013project\pointcloudui2.0\pointcloudui2.0\cass\dl_codes.h(42): warning C4005: “strcasecmp”: 宏重定义
          e:\visualstudio2013project\pointcloudui2.0\pointcloudui2.0\cass\dl_writer.h(37) : 参见“strcasecmp”的前一个定义
  main_cass.cpp
e:\visualstudio2013project\pointcloudui2.0\pointcloudui2.0\cass\../PointClass/point.h(10): fatal error C1083: 无法打开包括文件: “pcl/point_cloud.h”: No such file or directory
  test_creationclass.cpp
e:\visualstudio2013project\pointcloudui2.0\pointcloudui2.0\cass\../PointClass/point.h(10): fatal error C1083: 无法打开包括文件: “pcl/point_cloud.h”: No such file or directory
  cloudmanage.cpp
e:\visualstudio2013project\pointcloudui2.0\pointcloudui2.0\clouddata\../PointClass/point.h(10): fatal error C1083: 无法打开包括文件: “pcl/point_cloud.h”: No such file or directory
  clusterextract.cpp
e:\visualstudio2013project\pointcloudui2.0\pointcloudui2.0\clusterextract.h(2): fatal error C1083: 无法打开包括文件: “pcl/ModelCoefficients.h”: No such file or directory
  contour.cpp
e:\visualstudio2013project\pointcloudui2.0\pointcloudui2.0\contour\../PointClass/point.h(10): fatal error C1083: 无法打开包括文件: “pcl/point_cloud.h”: No such file or directory
  coordinate.cpp
  main_coordinatePY.cpp
  eigenmatrix.cpp
e:\visualstudio2013project\pointcloudui2.0\pointcloudui2.0\eigenmatrix.h(5): fatal error C1083: 无法打开包括文件: “Eigen/Dense”: No such file or directory
  buildfootprint.cpp
e:\visualstudio2013project\pointcloudui2.0\pointcloudui2.0\extractbuilding\../PointClass/point.h(10): fatal error C1083: 无法打开包括文件: “pcl/point_cloud.h”: No such file or directory
  main_extactbuilding.cpp
e:\visualstudio2013project\pointcloudui2.0\pointcloudui2.0\extractbuilding\../PointClass/point.h(10): fatal error C1083: 无法打开包括文件: “pcl/point_cloud.h”: No such file or directory
  moc_cloudthread.cpp
e:\visualstudio2013project\pointcloudui2.0\pointcloudui2.0\ransacclass\../PointClass/point.h(10): fatal error C1083: 无法打开包括文件: “pcl/point_cloud.h”: No such file or directory
  moc_mainwindow.cpp
E:\VisualStudio2013Project\PointCloudUI2.0\PointCloudUI2.0\GeneratedFiles\ui_mainwindow.h(27): fatal error C1083: 无法打开包括文件: “QVTKWidget.h”: No such file or directory
  groundFilter.cpp
e:\visualstudio2013project\pointcloudui2.0\pointcloudui2.0\groundfilter\../PointClass/point.h(10): fatal error C1083: 无法打开包括文件: “pcl/point_cloud.h”: No such file or directory
  label.cpp
e:\visualstudio2013project\pointcloudui2.0\pointcloudui2.0\groundfilter\../PointClass/point.h(10): fatal error C1083: 无法打开包括文件: “pcl/point_cloud.h”: No such file or directory
  main_filter.cpp
e:\visualstudio2013project\pointcloudui2.0\pointcloudui2.0\groundfilter\../PointClass/point.h(10): fatal error C1083: 无法打开包括文件: “pcl/point_cloud.h”: No such file or directory
  3dKDtree.cpp
  kdtree.cpp
e:\visualstudio2013project\pointcloudui2.0\pointcloudui2.0\kdtree\../PointClass/point.h(10): fatal error C1083: 无法打开包括文件: “pcl/point_cloud.h”: No such file or directory
  正在生成代码...
  正在编译...
  libLAS180.cpp
e:\visualstudio2013project\pointcloudui2.0\pointcloudui2.0\liblas180\../PointClass/point.h(10): fatal error C1083: 无法打开包括文件: “pcl/point_cloud.h”: No such file or directory
  kdtreelzf.cpp
  Matrix.cpp
e:\visualstudio2013project\pointcloudui2.0\pointcloudui2.0\luozf\../Luozf/Matrix.h(9): fatal error C1083: 无法打开包括文件: “Eigen/Dense”: No such file or directory
  Model.cpp
  PlaneFitting.cpp
e:\visualstudio2013project\pointcloudui2.0\pointcloudui2.0\luozf\../Luozf/Matrix.h(9): fatal error C1083: 无法打开包括文件: “Eigen/Dense”: No such file or directory
  Planelzf.cpp
e:\visualstudio2013project\pointcloudui2.0\pointcloudui2.0\luozf\../Luozf/Matrix.h(9): fatal error C1083: 无法打开包括文件: “Eigen/Dense”: No such file or directory
  PointIO.cpp
  Pointlzf.cpp
  Segmentation.cpp
e:\visualstudio2013project\pointcloudui2.0\pointcloudui2.0\luozf\../Luozf/Matrix.h(9): fatal error C1083: 无法打开包括文件: “Eigen/Dense”: No such file or directory
  main.cpp
E:\VisualStudio2013Project\PointCloudUI2.0\PointCloudUI2.0\GeneratedFiles\ui_mainwindow.h(27): fatal error C1083: 无法打开包括文件: “QVTKWidget.h”: No such file or directory
  mainwindow.cpp
mainwindow.cpp(1): fatal error C1083: 无法打开包括文件: “vtkVersion.h”: No such file or directory
  pca.cpp
e:\visualstudio2013project\pointcloudui2.0\pointcloudui2.0\pca\../PointClass/point.h(10): fatal error C1083: 无法打开包括文件: “pcl/point_cloud.h”: No such file or directory
  algorithm.cpp
e:\visualstudio2013project\pointcloudui2.0\pointcloudui2.0\pcl\algorithm\algorithm.h(2): fatal error C1083: 无法打开包括文件: “pcl/features/normal_3d_omp.h”: No such file or directory
  clusters.cpp
  pclfilter.cpp
e:\visualstudio2013project\pointcloudui2.0\pointcloudui2.0\pcl\filtering\pclfilter.h(5): fatal error C1083: 无法打开包括文件: “pcl/point_types.h”: No such file or directory
  plane.cpp
e:\visualstudio2013project\pointcloudui2.0\pointcloudui2.0\planeclass\../PointClass/point.h(10): fatal error C1083: 无法打开包括文件: “pcl/point_cloud.h”: No such file or directory
  point.cpp
e:\visualstudio2013project\pointcloudui2.0\pointcloudui2.0\pointclass\point.h(10): fatal error C1083: 无法打开包括文件: “pcl/point_cloud.h”: No such file or directory
  simple.cpp
e:\visualstudio2013project\pointcloudui2.0\pointcloudui2.0\pointcloudsimple\../PointClass/point.h(10): fatal error C1083: 无法打开包括文件: “pcl/point_cloud.h”: No such file or directory
  label.cpp
e:\visualstudio2013project\pointcloudui2.0\pointcloudui2.0\polesextract\../PointClass/point.h(10): fatal error C1083: 无法打开包括文件: “pcl/point_cloud.h”: No such file or directory
  main_poles.cpp
e:\visualstudio2013project\pointcloudui2.0\pointcloudui2.0\polesextract\../PointClass/point.h(10): fatal error C1083: 无法打开包括文件: “pcl/point_cloud.h”: No such file or directory
  正在生成代码...
  正在编译...
  polesextract.cpp
e:\visualstudio2013project\pointcloudui2.0\pointcloudui2.0\polesextract\../PointClass/point.h(10): fatal error C1083: 无法打开包括文件: “pcl/point_cloud.h”: No such file or directory
  voxel.cpp
e:\visualstudio2013project\pointcloudui2.0\pointcloudui2.0\polesextract\../PointClass/point.h(10): fatal error C1083: 无法打开包括文件: “pcl/point_cloud.h”: No such file or directory
  ransacplane.cpp
e:\visualstudio2013project\pointcloudui2.0\pointcloudui2.0\ransacclass\../PointClass/point.h(10): fatal error C1083: 无法打开包括文件: “pcl/point_cloud.h”: No such file or directory
  label.cpp
e:\visualstudio2013project\pointcloudui2.0\pointcloudui2.0\roadshoulder\../PointClass/point.h(10): fatal error C1083: 无法打开包括文件: “pcl/point_cloud.h”: No such file or directory
  line.cpp
e:\visualstudio2013project\pointcloudui2.0\pointcloudui2.0\roadshoulder\../PointClass/point.h(10): fatal error C1083: 无法打开包括文件: “pcl/point_cloud.h”: No such file or directory
  main_shoulderroad.cpp
e:\visualstudio2013project\pointcloudui2.0\pointcloudui2.0\roadshoulder\../PointClass/point.h(10): fatal error C1083: 无法打开包括文件: “pcl/point_cloud.h”: No such file or directory
  roadshoulder.cpp
e:\visualstudio2013project\pointcloudui2.0\pointcloudui2.0\roadshoulder\../PointClass/point.h(10): fatal error C1083: 无法打开包括文件: “pcl/point_cloud.h”: No such file or directory
  label.cpp
e:\visualstudio2013project\pointcloudui2.0\pointcloudui2.0\surfacegrowing\../PointClass/point.h(10): fatal error C1083: 无法打开包括文件: “pcl/point_cloud.h”: No such file or directory
  surfacegrowing.cpp
e:\visualstudio2013project\pointcloudui2.0\pointcloudui2.0\surfacegrowing\../PointClass/point.h(10): fatal error C1083: 无法打开包括文件: “pcl/point_cloud.h”: No such file or directory
  cloudthread.cpp
e:\visualstudio2013project\pointcloudui2.0\pointcloudui2.0\ransacclass\../PointClass/point.h(10): fatal error C1083: 无法打开包括文件: “pcl/point_cloud.h”: No such file or directory
  octree_viewer.cpp
tools\octree_viewer.cpp(38): fatal error C1083: 无法打开包括文件: “pcl/io/pcd_io.h”: No such file or directory
  transformate.cpp
  voxel.cpp
e:\visualstudio2013project\pointcloudui2.0\pointcloudui2.0\voxel\../PointClass/point.h(10): fatal error C1083: 无法打开包括文件: “pcl/point_cloud.h”: No such file or directory
  正在生成代码...
