  Moc'ing cloudthread.h...
  Moc'ing mainwindow.h...
  Uic'ing colordialog.ui...
  Uic'ing contourdialog.ui...
  Uic'ing leafsizedialog.ui...
  Uic'ing mainwindow.ui...
  Uic'ing openasciidialog.ui...
  Uic'ing passthroughfilterdialog.ui...
  Uic'ing pcadialog.ui...
  Uic'ing pointsizedialog.ui...
  Uic'ing radiusfilterdialog.ui...
  Uic'ing ransacdialog.ui...
  Uic'ing saveasciidialog.ui...
E:\VisualStudio2013Project\PointCloudUI2.0\PointCloudUI2.0\saveasciidialog.ui : warning : The name 'layoutWidget' (QWidget) is already in use, defaulting to 'layoutWidget1'.
  Uic'ing simpledialog.ui...
  Uic'ing statisticalfilterdialog.ui...
  Uic'ing surfacegrowingdialog.ui...
  Rcc'ing images.qrc...
  Uic'ing euclideanclusterdialog.ui...
C:\Program Files (x86)\MSBuild\Microsoft.Cpp\v4.0\V120\Microsoft.CppBuild.targets(935,5): warning MSB8027: Two or more files with the name of moc_cloudthread.cpp will produce outputs to the same location. This can lead to an incorrect build result.  The files involved are GeneratedFiles\Debug\moc_cloudthread.cpp, GeneratedFiles\Release\moc_cloudthread.cpp.
C:\Program Files (x86)\MSBuild\Microsoft.Cpp\v4.0\V120\Microsoft.CppBuild.targets(935,5): warning MSB8027: Two or more files with the name of moc_mainwindow.cpp will produce outputs to the same location. This can lead to an incorrect build result.  The files involved are GeneratedFiles\Debug\moc_mainwindow.cpp, GeneratedFiles\Release\moc_mainwindow.cpp.
  cloudmanage.cpp
e:\visualstudio2013project\pointcloudui2.0\pointcloudui2.0\clouddata\../PointClass/point.h(10): fatal error C1083: 无法打开包括文件: “pcl/point_cloud.h”: No such file or directory
  clusterextract.cpp
e:\visualstudio2013project\pointcloudui2.0\pointcloudui2.0\clusterextract.h(2): fatal error C1083: 无法打开包括文件: “pcl/ModelCoefficients.h”: No such file or directory
  contour.cpp
e:\visualstudio2013project\pointcloudui2.0\pointcloudui2.0\contour\../PointClass/point.h(10): fatal error C1083: 无法打开包括文件: “pcl/point_cloud.h”: No such file or directory
  eigenmatrix.cpp
e:\visualstudio2013project\pointcloudui2.0\pointcloudui2.0\eigenmatrix.h(5): fatal error C1083: 无法打开包括文件: “Eigen/Dense”: No such file or directory
  moc_cloudthread.cpp
e:\visualstudio2013project\pointcloudui2.0\pointcloudui2.0\ransacclass\../PointClass/point.h(10): fatal error C1083: 无法打开包括文件: “pcl/point_cloud.h”: No such file or directory
  moc_mainwindow.cpp
.\GeneratedFiles\ui_mainwindow.h(27): fatal error C1083: 无法打开包括文件: “QVTKWidget.h”: No such file or directory
  3dKDtree.cpp
  kdtree.cpp
e:\visualstudio2013project\pointcloudui2.0\pointcloudui2.0\kdtree\../PointClass/point.h(10): fatal error C1083: 无法打开包括文件: “pcl/point_cloud.h”: No such file or directory
  libLAS180.cpp
e:\visualstudio2013project\pointcloudui2.0\pointcloudui2.0\liblas180\../PointClass/point.h(10): fatal error C1083: 无法打开包括文件: “pcl/point_cloud.h”: No such file or directory
  main.cpp
.\GeneratedFiles\ui_mainwindow.h(27): fatal error C1083: 无法打开包括文件: “QVTKWidget.h”: No such file or directory
  mainwindow.cpp
mainwindow.cpp(1): fatal error C1083: 无法打开包括文件: “vtkVersion.h”: No such file or directory
  pca.cpp
e:\visualstudio2013project\pointcloudui2.0\pointcloudui2.0\pca\../PointClass/point.h(10): fatal error C1083: 无法打开包括文件: “pcl/point_cloud.h”: No such file or directory
  pclfilter.cpp
e:\visualstudio2013project\pointcloudui2.0\pointcloudui2.0\pcl\filtering\pclfilter.h(5): fatal error C1083: 无法打开包括文件: “pcl/point_types.h”: No such file or directory
  plane.cpp
e:\visualstudio2013project\pointcloudui2.0\pointcloudui2.0\planeclass\../PointClass/point.h(10): fatal error C1083: 无法打开包括文件: “pcl/point_cloud.h”: No such file or directory
  point.cpp
e:\visualstudio2013project\pointcloudui2.0\pointcloudui2.0\pointclass\point.h(10): fatal error C1083: 无法打开包括文件: “pcl/point_cloud.h”: No such file or directory
  simple.cpp
e:\visualstudio2013project\pointcloudui2.0\pointcloudui2.0\pointcloudsimple\../PointClass/point.h(10): fatal error C1083: 无法打开包括文件: “pcl/point_cloud.h”: No such file or directory
  ransacplane.cpp
e:\visualstudio2013project\pointcloudui2.0\pointcloudui2.0\ransacclass\../PointClass/point.h(10): fatal error C1083: 无法打开包括文件: “pcl/point_cloud.h”: No such file or directory
  label.cpp
e:\visualstudio2013project\pointcloudui2.0\pointcloudui2.0\surfacegrowing\../PointClass/point.h(10): fatal error C1083: 无法打开包括文件: “pcl/point_cloud.h”: No such file or directory
  surfacegrowing.cpp
e:\visualstudio2013project\pointcloudui2.0\pointcloudui2.0\surfacegrowing\../PointClass/point.h(10): fatal error C1083: 无法打开包括文件: “pcl/point_cloud.h”: No such file or directory
  cloudthread.cpp
e:\visualstudio2013project\pointcloudui2.0\pointcloudui2.0\ransacclass\../PointClass/point.h(10): fatal error C1083: 无法打开包括文件: “pcl/point_cloud.h”: No such file or directory
  正在生成代码...
  正在编译...
  voxel.cpp
e:\visualstudio2013project\pointcloudui2.0\pointcloudui2.0\voxel\../PointClass/point.h(10): fatal error C1083: 无法打开包括文件: “pcl/point_cloud.h”: No such file or directory
  正在生成代码...
